Loading required package: S4Vectors
Loading required package: stats4
Loading required package: BiocGenerics
Loading required package: parallel

Attaching package: ‘BiocGenerics’

The following objects are masked from ‘package:parallel’:

    clusterApply, clusterApplyLB, clusterCall, clusterEvalQ,
    clusterExport, clusterMap, parApply, parCapply, parLapply,
    parLapplyLB, parRapply, parSapply, parSapplyLB

The following objects are masked from ‘package:stats’:

    IQR, mad, sd, var, xtabs

The following objects are masked from ‘package:base’:

    anyDuplicated, append, as.data.frame, basename, cbind, colnames,
    dirname, do.call, duplicated, eval, evalq, Filter, Find, get, grep,
    grepl, intersect, is.unsorted, lapply, Map, mapply, match, mget,
    order, paste, pmax, pmax.int, pmin, pmin.int, Position, rank,
    rbind, Reduce, rownames, sapply, setdiff, sort, table, tapply,
    union, unique, unsplit, which, which.max, which.min


Attaching package: ‘S4Vectors’

The following object is masked from ‘package:base’:

    expand.grid

Loading required package: IRanges
Loading required package: GenomicRanges
Loading required package: GenomeInfoDb
Loading required package: SummarizedExperiment
Loading required package: Biobase
Welcome to Bioconductor

    Vignettes contain introductory material; view with
    'browseVignettes()'. To cite Bioconductor, see
    'citation("Biobase")', and for packages 'citation("pkgname")'.

Loading required package: DelayedArray
Loading required package: matrixStats

Attaching package: ‘matrixStats’

The following objects are masked from ‘package:Biobase’:

    anyMissing, rowMedians


Attaching package: ‘DelayedArray’

The following objects are masked from ‘package:matrixStats’:

    colMaxs, colMins, colRanges, rowMaxs, rowMins, rowRanges

The following objects are masked from ‘package:base’:

    aperm, apply, rowsum

Error: package or namespace load failed for ‘DESeq2’ in dyn.load(file, DLLpath = DLLpath, ...):
 unable to load shared object '/home/snagi/miniconda3/lib/R/library/Rcpp/libs/Rcpp.so':
  /home/snagi/miniconda3/lib/R/library/Rcpp/libs/Rcpp.so: undefined symbol: EXTPTR_PTR
In addition: Warning messages:
1: package ‘DESeq2’ was built under R version 4.0.2 
2: package ‘S4Vectors’ was built under R version 4.0.2 
3: package ‘BiocGenerics’ was built under R version 4.0.2 
4: package ‘IRanges’ was built under R version 4.0.2 
5: package ‘GenomicRanges’ was built under R version 4.0.2 
6: package ‘GenomeInfoDb’ was built under R version 4.0.2 
7: package ‘SummarizedExperiment’ was built under R version 4.0.2 
8: package ‘Biobase’ was built under R version 4.0.2 
9: package ‘DelayedArray’ was built under R version 4.0.2 
10: package ‘matrixStats’ was built under R version 4.0.2 
Execution halted
