The flag 'directory' used in rule snpEff is only valid for outputs, not inputs.
Building DAG of jobs...
Using shell: /bin/bash
Provided cores: 10
Rules claiming more threads will be scaled down.
Conda environments: ignored
Singularity containers: ignored
Job counts:
	count	jobs
	1	all
	3	bgzip
	3	snpEff
	1	snpEffDbDownload
	8

[Mon Sep 14 15:39:05 2020]
rule snpEffDbDownload:
    output: resources/snpeff/db
    log: logs/snpEff/snpeff_download.log
    jobid: 61

java -jar workflow/scripts/snpEff/snpEff.jar download -dataDir resources/snpeff/db Aedes_aegypti_lvpagwg 2> logs/snpEff/snpeff_download.log
Waiting at most 5 seconds for missing files.
MissingOutputException in line 143 of /home/snagi/lstm_data/rna-seq-ir/workflow/rules/variants.smk:
Job completed successfully, but some output files are missing. Missing files after 5 seconds:
resources/snpeff/db
This might be due to filesystem latency. If that is the case, consider to increase the wait time with --latency-wait.
  File "/home/snagi/miniconda3/lib/python3.7/site-packages/snakemake/executors/__init__.py", line 544, in handle_job_success
  File "/home/snagi/miniconda3/lib/python3.7/site-packages/snakemake/executors/__init__.py", line 231, in handle_job_success
Shutting down, this might take some time.
Exiting because a job execution failed. Look above for error message
Complete log: /home/snagi/lstm_data/rna-seq-ir/.snakemake/log/2020-09-14T153905.502360.snakemake.log
