Building DAG of jobs...
Using shell: /bin/bash
Provided cores: 10
Rules claiming more threads will be scaled down.
Conda environments: ignored
Singularity containers: ignored
Job counts:
	count	jobs
	1	all
	3	snpEff
	1	snpEffDbDownload
	5

[Mon Sep 14 17:01:09 2020]
rule snpEffDbDownload:
    output: resources/snpeff
    log: logs/snpEff/snpeff_download.log
    jobid: 43

java -jar workflow/scripts/snpEff/snpEff.jar download -dataDir ../../../resources/snpeff/db Aedes_aegypti_lvpagwg 2> logs/snpEff/snpeff_download.log
Terminating processes on user request, this might take some time.
[Mon Sep 14 17:01:14 2020]
Error in rule snpEffDbDownload:
    jobid: 43
    output: resources/snpeff
    log: logs/snpEff/snpeff_download.log (check log file(s) for error message)
    shell:
        java -jar workflow/scripts/snpEff/snpEff.jar download -dataDir ../../../resources/snpeff/db Aedes_aegypti_lvpagwg 2> logs/snpEff/snpeff_download.log
        (one of the commands exited with non-zero exit code; note that snakemake uses bash strict mode!)

Complete log: /home/snagi/lstm_data/rna-seq-ir/.snakemake/log/2020-09-14T170108.936872.snakemake.log
